{
  "RSpec": {
    "coverage": {
      "/Users/alishamcwilliams/Desktop/Development/projects/dailyeventapp/app/controllers/categories_controller.rb": [
        1,
        null,
        1,
        null,
        1,
        1,
        null,
        null,
        1,
        5,
        5,
        5,
        6,
        null,
        4,
        null,
        null,
        null,
        null,
        1,
        2,
        null,
        null,
        1,
        5,
        5,
        5,
        4,
        null,
        6,
        null,
        null,
        null,
        null,
        1,
        null,
        null,
        1,
        null,
        null,
        null,
        null,
        1,
        null,
        1,
        7,
        null,
        null,
        1,
        15,
        null,
        null,
        null
      ],
      "/Users/alishamcwilliams/Desktop/Development/projects/dailyeventapp/app/controllers/application_controller.rb": [
        1,
        null,
        null,
        1,
        null
      ],
      "/Users/alishamcwilliams/Desktop/Development/projects/dailyeventapp/app/controllers/neighborhoods_controller.rb": [
        1,
        null,
        1,
        null,
        1,
        1,
        null,
        null,
        1,
        5,
        5,
        5,
        6,
        null,
        4,
        null,
        null,
        null,
        null,
        1,
        2,
        null,
        null,
        1,
        5,
        5,
        5,
        4,
        null,
        6,
        null,
        null,
        null,
        null,
        1,
        null,
        null,
        1,
        null,
        null,
        null,
        null,
        1,
        null,
        1,
        7,
        null,
        null,
        1,
        15,
        null,
        null,
        null
      ],
      "/Users/alishamcwilliams/Desktop/Development/projects/dailyeventapp/app/controllers/user_neighborhoods_controller.rb": [
        1,
        null,
        1,
        1,
        0,
        0,
        null,
        0,
        null,
        null,
        1,
        0,
        0,
        null,
        null,
        null,
        null
      ],
      "/Users/alishamcwilliams/Desktop/Development/projects/dailyeventapp/app/mailers/event_mailer.rb": [
        1,
        1,
        null,
        1,
        0,
        0,
        null,
        null,
        null
      ],
      "/Users/alishamcwilliams/Desktop/Development/projects/dailyeventapp/app/models/category.rb": [
        1,
        1,
        1,
        null,
        null
      ],
      "/Users/alishamcwilliams/Desktop/Development/projects/dailyeventapp/app/models/neighborhood.rb": [
        1,
        1,
        1,
        null
      ],
      "/Users/alishamcwilliams/Desktop/Development/projects/dailyeventapp/app/models/user_category.rb": [
        1,
        1,
        1,
        null
      ],
      "/Users/alishamcwilliams/Desktop/Development/projects/dailyeventapp/app/models/user_neighborhood.rb": [
        1,
        1,
        1,
        null
      ]
    },
    "timestamp": 1396879152
  }
}
